[2025-01-07 10:35:23] Versende Einladung an: philipp.gausmann@gmx.de
[2025-01-07 10:35:23] E-Mail erfolgreich an Philipp (philipp.gausmann@gmx.de) gesendet.
[2025-01-07 10:48:57] Versende Einladung an: philipp.gausmann@gmx.de
[2025-01-07 10:48:57] E-Mail erfolgreich an Philipp (philipp.gausmann@gmx.de) gesendet.
[2025-01-07 10:56:52] Versende Einladung an: philipp.gausmann@gmx.de
[2025-01-07 10:56:52] E-Mail erfolgreich an Philipp (philipp.gausmann@gmx.de) gesendet.
[2025-01-07 14:40:12] Versende Einladung an: philipp.gausmann@gmx.de
[2025-01-07 14:40:13] E-Mail erfolgreich an Philipp (philipp.gausmann@gmx.de) gesendet.
[2025-01-07 18:20:11] Versende Einladung an: vickynagra62@yahoo.com
[2025-01-07 18:20:11] E-Mail erfolgreich an Vikram (vickynagra62@yahoo.com) gesendet.
[2025-01-13 14:32:43] Versende Einladung an: philipp.gausmann@gmx.de
[2025-01-13 14:32:44] E-Mail erfolgreich an Philipp (philipp.gausmann@gmx.de) gesendet.
[2025-01-31 07:53:31] Versende Einladung an: philipp.gausmann@gmx.de
[2025-01-31 07:53:31] E-Mail erfolgreich an Philipp (philipp.gausmann@gmx.de) gesendet.
[2025-01-31 07:53:34] Versende Einladung an: Najem38@hotmail.com
[2025-01-31 07:53:34] E-Mail erfolgreich an Najem (Najem38@hotmail.com) gesendet.
[2025-01-31 07:53:39] Versende Einladung an: hodaattar2001@gmail.com
[2025-01-31 07:53:39] E-Mail erfolgreich an Mahmoud (hodaattar2001@gmail.com) gesendet.
[2025-01-31 07:53:42] Versende Einladung an: sadiadion17@gmail.com
[2025-01-31 07:53:43] E-Mail erfolgreich an Sadia (sadiadion17@gmail.com) gesendet.
[2025-01-31 07:53:45] Versende Einladung an: m.k.hotak@icloud.com
[2025-01-31 07:53:46] E-Mail erfolgreich an Mirwais khan (m.k.hotak@icloud.com) gesendet.
[2025-01-31 07:53:54] Versende Einladung an: Amandeep.230188@gmail.com
[2025-01-31 07:53:54] E-Mail erfolgreich an Amandeep (Amandeep.230188@gmail.com) gesendet.
[2025-01-31 07:54:02] Versende Einladung an: siroosebrahimnezhad@gmail.com
[2025-01-31 07:54:02] E-Mail erfolgreich an Siroos (siroosebrahimnezhad@gmail.com) gesendet.
[2025-01-31 07:54:05] Versende Einladung an: saadalasaad126@gmail.com
[2025-01-31 07:54:05] E-Mail erfolgreich an Saad (saadalasaad126@gmail.com) gesendet.
[2025-02-03 07:31:57] Versende Einladung an: ahl@primacom.net
[2025-02-03 07:31:57] E-Mail erfolgreich an Alexander (ahl@primacom.net) gesendet.
[2025-02-05 15:48:50] Versende Einladung an: rimsch@web.de
[2025-02-05 15:48:50] E-Mail erfolgreich an Mohamad (rimsch@web.de) gesendet.
[2025-02-06 12:47:46] Versende Einladung an: amiri_mumtaz@yahoo.com
[2025-02-06 12:47:46] E-Mail erfolgreich an Amiri (amiri_mumtaz@yahoo.com) gesendet.
[2025-02-06 12:47:51] Versende Einladung an: harizanovvasil52@gmail.com
[2025-02-06 12:47:52] E-Mail erfolgreich an Vassil (harizanovvasil52@gmail.com) gesendet.
[2025-02-20 10:50:16] Versende Einladung an: Najem38@hotmail.com
[2025-02-20 10:50:16] E-Mail erfolgreich an Najem (Najem38@hotmail.com) gesendet.
[2025-02-20 10:50:21] Versende Einladung an: hodaattar2001@gmail.com
[2025-02-20 10:50:22] E-Mail erfolgreich an Mahmoud (hodaattar2001@gmail.com) gesendet.
[2025-02-20 10:50:29] Versende Einladung an: sadiadion17@gmail.com
[2025-02-20 10:50:30] E-Mail erfolgreich an Sadia (sadiadion17@gmail.com) gesendet.
[2025-02-20 10:50:35] Versende Einladung an: m.k.hotak@icloud.com
[2025-02-20 10:50:36] E-Mail erfolgreich an Mirwais khan (m.k.hotak@icloud.com) gesendet.
[2025-02-20 10:50:40] Versende Einladung an: Amandeep.230188@gmail.com
[2025-02-20 10:50:40] E-Mail erfolgreich an Amandeep (Amandeep.230188@gmail.com) gesendet.
[2025-02-20 10:51:12] Versende Einladung an: ahl@primacom.net
[2025-02-20 10:51:12] E-Mail erfolgreich an Alexander (ahl@primacom.net) gesendet.
[2025-02-20 10:51:37] Versende Einladung an: siroosebrahimnezhad@gmail.com
[2025-02-20 10:51:37] E-Mail erfolgreich an Siroos (siroosebrahimnezhad@gmail.com) gesendet.
[2025-02-20 10:51:43] Versende Einladung an: amiri_mumtaz@yahoo.com
[2025-02-20 10:51:43] E-Mail erfolgreich an Amiri (amiri_mumtaz@yahoo.com) gesendet.
[2025-02-20 14:26:50] Versende Einladung an: balanyabas84@web.de
[2025-02-20 14:26:51] E-Mail erfolgreich an Abas esa abdulla  (balanyabas84@web.de) gesendet.
[2025-02-28 15:59:32] Versende Einladung an: harizanovvasil52@gmail.com
[2025-02-28 15:59:33] E-Mail erfolgreich an Vassil (harizanovvasil52@gmail.com) gesendet.
[2025-02-28 15:59:39] Versende Einladung an: nesaid075@gmail.com
[2025-02-28 15:59:39] E-Mail erfolgreich an Said Omar (nesaid075@gmail.com) gesendet.
[2025-02-28 15:59:42] Versende Einladung an: saadalasaad126@gmail.com
[2025-02-28 15:59:43] E-Mail erfolgreich an Saad (saadalasaad126@gmail.com) gesendet.
[2025-02-28 15:59:47] Versende Einladung an: aboaehm199013@gmail.com
[2025-02-28 15:59:47] E-Mail erfolgreich an Abdulhamid  (aboaehm199013@gmail.com) gesendet.
[2025-02-28 15:59:52] Versende Einladung an: rimsch@web.de
[2025-02-28 15:59:53] E-Mail erfolgreich an Mohamad (rimsch@web.de) gesendet.
[2025-02-28 16:00:00] Versende Einladung an: khery613@gmail.com
[2025-02-28 16:00:00] E-Mail erfolgreich an Mohammad (khery613@gmail.com) gesendet.
[2025-02-28 16:00:11] Versende Einladung an: 001983fr@gmail.com
[2025-02-28 16:00:11] E-Mail erfolgreich an Ahmed (001983fr@gmail.com) gesendet.
[2025-02-28 16:00:15] Versende Einladung an: baseldelli4@gmail.com
[2025-02-28 16:00:15] E-Mail erfolgreich an Basel  (baseldelli4@gmail.com) gesendet.
[2025-03-03 07:55:45] Versende Einladung an: meinegold@gmail.com
[2025-03-03 07:55:45] E-Mail erfolgreich an Mahmod (meinegold@gmail.com) gesendet.
[2025-03-04 09:10:49] Versende Einladung an: o.afoush@gmail.com
[2025-03-04 09:10:50] E-Mail erfolgreich an Ramadan  (o.afoush@gmail.com) gesendet.
[2025-03-04 09:10:53] Versende Einladung an: mohamed22alhasan@gmail.com
[2025-03-04 09:10:54] E-Mail erfolgreich an Mohamed (mohamed22alhasan@gmail.com) gesendet.
[2025-03-07 09:10:36] Versende Einladung an: mohamed22alhasan@gmail.com
[2025-03-07 09:10:36] E-Mail erfolgreich an Mohamed (mohamed22alhasan@gmail.com) gesendet.
[2025-03-07 09:10:38] Versende Einladung an: 87gurdeepsingh@googlemail.com
[2025-03-07 09:10:38] E-Mail erfolgreich an Gurdeep  (87gurdeepsingh@googlemail.com) gesendet.
[2025-03-07 09:10:39] Versende Einladung an: salahtebai79@web.de
[2025-03-07 09:10:40] E-Mail erfolgreich an Salah  (salahtebai79@web.de) gesendet.
[2025-03-07 09:10:41] Versende Einladung an: Rahmani1999@icloud.com
[2025-03-07 09:10:41] E-Mail erfolgreich an Nasrollah  (Rahmani1999@icloud.com) gesendet.
[2025-03-07 09:10:43] Versende Einladung an: ahmadchaban7272@gmail.com
[2025-03-07 09:10:43] E-Mail erfolgreich an Ahmad (ahmadchaban7272@gmail.com) gesendet.
[2025-03-07 09:10:45] Versende Einladung an: Alaesleman@gmail.com
[2025-03-07 09:10:45] E-Mail erfolgreich an Alaa (Alaesleman@gmail.com) gesendet.
[2025-03-07 09:10:47] Versende Einladung an: mimo_dawou@gmx.de
[2025-03-07 09:10:47] E-Mail erfolgreich an Mohamad (mimo_dawou@gmx.de) gesendet.
[2025-03-07 13:01:37] Versende Einladung an: khery613@gmail.com
[2025-03-07 13:01:37] E-Mail erfolgreich an Mohammad (khery613@gmail.com) gesendet.
[2025-03-10 07:49:45] Versende Einladung an: faisal16al@gmail.com
[2025-03-10 07:49:46] E-Mail erfolgreich an Faisal  (faisal16al@gmail.com) gesendet.
[2025-03-11 13:59:36] Versende Einladung an: nikolasnikolas585@gmail.com
[2025-03-11 13:59:36] E-Mail erfolgreich an Dumitru (nikolasnikolas585@gmail.com) gesendet.
[2025-03-28 09:12:52] Versende Einladung an: meinegold@gmail.com
[2025-03-28 09:12:52] E-Mail erfolgreich an Mahmod (meinegold@gmail.com) gesendet.
[2025-03-28 09:13:00] Versende Einladung an: balanyabas84@web.de
[2025-03-28 09:13:00] E-Mail erfolgreich an Abas esa abdulla  (balanyabas84@web.de) gesendet.
[2025-03-28 09:13:09] Versende Einladung an: mohamed22alhasan@gmail.com
[2025-03-28 09:13:09] E-Mail erfolgreich an Mohamed (mohamed22alhasan@gmail.com) gesendet.
[2025-03-28 09:13:19] Versende Einladung an: Saifulimran321@gmail.com
[2025-03-28 09:13:19] E-Mail erfolgreich an Imran  (Saifulimran321@gmail.com) gesendet.
[2025-03-28 09:13:26] Versende Einladung an: salahtebai79@web.de
[2025-03-28 09:13:26] E-Mail erfolgreich an Salah  (salahtebai79@web.de) gesendet.
[2025-03-28 09:13:35] Versende Einladung an: mimo_dawou@gmx.de
[2025-03-28 09:13:35] E-Mail erfolgreich an Mohamad (mimo_dawou@gmx.de) gesendet.
[2025-03-28 09:13:44] Versende Einladung an: gipi.denis@hotmail.de
[2025-03-28 09:13:44] E-Mail erfolgreich an Nagip (gipi.denis@hotmail.de) gesendet.
[2025-03-28 09:13:47] Versende Einladung an: hodaattar2001@gmail.com
[2025-03-28 09:13:47] E-Mail erfolgreich an Mahmud (hodaattar2001@gmail.com) gesendet.
[2025-04-02 09:23:07] Versende Einladung an: steffi051@freenet.de
[2025-04-02 09:23:07] E-Mail erfolgreich an Stefanie  (steffi051@freenet.de) gesendet.
[2025-04-02 09:23:24] Versende Einladung an: momtazqasimi.leipzig@gmail.com
[2025-04-02 09:23:24] E-Mail erfolgreich an Momtaz (momtazqasimi.leipzig@gmail.com) gesendet.
[2025-04-02 09:23:42] Versende Einladung an: romanniazai8@gmail.com
[2025-04-02 09:23:42] E-Mail erfolgreich an Roman  (romanniazai8@gmail.com) gesendet.
[2025-04-07 16:46:47] Versende Einladung an: m.k.hotak@icloud.com
[2025-04-07 16:46:47] E-Mail erfolgreich an Mirwais khan (m.k.hotak@icloud.com) gesendet.
[2025-04-07 16:46:50] Versende Einladung an: Amandeep.230188@gmail.com
[2025-04-07 16:46:50] E-Mail erfolgreich an Amandeep (Amandeep.230188@gmail.com) gesendet.
[2025-04-07 16:46:53] Versende Einladung an: siroosebrahimnezhad@gmail.com
[2025-04-07 16:46:53] E-Mail erfolgreich an Siroos (siroosebrahimnezhad@gmail.com) gesendet.
[2025-04-07 16:46:56] Versende Einladung an: saadalasaad126@gmail.com
[2025-04-07 16:46:56] E-Mail erfolgreich an Saad (saadalasaad126@gmail.com) gesendet.
[2025-04-07 16:46:59] Versende Einladung an: romanniazai8@gmail.com
[2025-04-07 16:46:59] E-Mail erfolgreich an Roman  (romanniazai8@gmail.com) gesendet.
[2025-04-07 16:47:03] Versende Einladung an: yosifshabanalmohammad@gmail.com
[2025-04-07 16:47:03] E-Mail erfolgreich an yosif  (yosifshabanalmohammad@gmail.com) gesendet.
[2025-04-07 16:47:06] Versende Einladung an: ezelddinealmousse@gmail.com
[2025-04-07 16:47:07] E-Mail erfolgreich an Ezeddine (ezelddinealmousse@gmail.com) gesendet.
[2025-04-07 16:47:09] Versende Einladung an: arifjumha86@gmail.com
[2025-04-07 16:47:09] E-Mail erfolgreich an Arif (arifjumha86@gmail.com) gesendet.
[2025-04-08 07:40:27] Versende Einladung an: gipi.denis@hotmail.de
[2025-04-08 07:40:28] E-Mail erfolgreich an Nagip (gipi.denis@hotmail.de) gesendet.
[2025-04-09 12:42:16] Versende Einladung an: moamaraskoul72@gmail.comm
[2025-04-09 12:42:16] E-Mail erfolgreich an Moamar (moamaraskoul72@gmail.comm) gesendet.
[2025-04-09 12:42:22] Versende Einladung an: huruy.hamido@gmail.com
[2025-04-09 12:42:22] E-Mail erfolgreich an Huruy (huruy.hamido@gmail.com) gesendet.
[2025-04-11 14:37:58] Versende Einladung an: khery613@gmail.com
[2025-04-11 14:37:59] E-Mail erfolgreich an Mohammad (khery613@gmail.com) gesendet.
[2025-04-11 14:37:59] letzte_einladung für Teilnehmer-ID 25 aktualisiert.
[2025-04-11 14:38:05] Versende Einladung an: 001983fr@gmail.com
[2025-04-11 14:38:05] E-Mail erfolgreich an Ahmed (001983fr@gmail.com) gesendet.
[2025-04-11 14:38:05] letzte_einladung für Teilnehmer-ID 26 aktualisiert.
[2025-04-11 14:38:08] Versende Einladung an: o.afoush@gmail.com
[2025-04-11 14:38:08] E-Mail erfolgreich an Ramadan  (o.afoush@gmail.com) gesendet.
[2025-04-11 14:38:08] letzte_einladung für Teilnehmer-ID 33 aktualisiert.
[2025-04-11 14:38:14] Versende Einladung an: bascharalnasser6@gmail.com
[2025-04-11 14:38:15] E-Mail erfolgreich an Baschar (bascharalnasser6@gmail.com) gesendet.
[2025-04-11 14:38:15] letzte_einladung für Teilnehmer-ID 76 aktualisiert.
[2025-04-11 14:38:17] Versende Einladung an: ahelgo83@gmail.com
[2025-04-11 14:38:18] E-Mail erfolgreich an Ahmed (ahelgo83@gmail.com) gesendet.
[2025-04-11 14:38:18] letzte_einladung für Teilnehmer-ID 75 aktualisiert.
[2025-04-11 14:38:47] Versende Einladung an: bassil.diia@gmail.com
[2025-04-11 14:38:48] E-Mail erfolgreich an basel (bassil.diia@gmail.com) gesendet.
[2025-04-11 14:38:48] letzte_einladung für Teilnehmer-ID 79 aktualisiert.
[2025-04-11 14:38:49] Versende Einladung an: ahmadmokdad25071994@gmail.com
[2025-04-11 14:38:50] E-Mail erfolgreich an Ahmad  (ahmadmokdad25071994@gmail.com) gesendet.
[2025-04-11 14:38:50] letzte_einladung für Teilnehmer-ID 77 aktualisiert.
[2025-04-11 14:38:51] Versende Einladung an: muhannad1nanoue@gmail.com
[2025-04-11 14:38:51] E-Mail erfolgreich an Muhannad  (muhannad1nanoue@gmail.com) gesendet.
[2025-04-11 14:38:51] letzte_einladung für Teilnehmer-ID 83 aktualisiert.
[2025-04-14 08:57:40] Versende Einladung an: momtazqasimi.leipzig@gmail.com
[2025-04-14 08:57:40] E-Mail erfolgreich an Momtaz (momtazqasimi.leipzig@gmail.com) gesendet.
[2025-04-14 08:57:40] letzte_einladung für Teilnehmer-ID 86 aktualisiert.
[2025-04-14 08:57:42] Versende Einladung an: homayonesmaily777@gmail.com
[2025-04-14 08:57:42] E-Mail erfolgreich an Homayon  (homayonesmaily777@gmail.com) gesendet.
[2025-04-14 08:57:42] letzte_einladung für Teilnehmer-ID 88 aktualisiert.
[2025-04-14 08:57:44] Versende Einladung an: sherzd1991@gmail.com
[2025-04-14 08:57:44] E-Mail erfolgreich an sherzad (sherzd1991@gmail.com) gesendet.
[2025-04-14 08:57:44] letzte_einladung für Teilnehmer-ID 90 aktualisiert.
[2025-04-16 08:32:02] Versende Einladung an: paliichukliubov199@gmail.com
[2025-04-16 08:32:02] E-Mail erfolgreich an Liubov (paliichukliubov199@gmail.com) gesendet.
[2025-04-16 08:32:02] letzte_einladung für Teilnehmer-ID 97 aktualisiert.
[2025-04-23 07:24:06] Versende Einladung an: Amandeep.230188@gmail.com
[2025-04-23 07:24:06] E-Mail erfolgreich an Amandeep (Amandeep.230188@gmail.com) gesendet.
[2025-04-23 07:24:06] letzte_einladung für Teilnehmer-ID 14 aktualisiert.
[2025-04-23 07:25:58] Versende Einladung an: saadalasaad126@gmail.com
[2025-04-23 07:25:58] E-Mail erfolgreich an Saad (saadalasaad126@gmail.com) gesendet.
[2025-04-23 07:25:58] letzte_einladung für Teilnehmer-ID 20 aktualisiert.
[2025-04-23 07:26:03] Versende Einladung an: khery613@gmail.com
[2025-04-23 07:26:04] E-Mail erfolgreich an Mohammad (khery613@gmail.com) gesendet.
[2025-04-23 07:26:04] letzte_einladung für Teilnehmer-ID 25 aktualisiert.
[2025-04-23 07:26:16] Versende Einladung an: tala.mohammadi18@gmail.com
[2025-04-23 07:26:16] E-Mail erfolgreich an Tala Mohammad  (tala.mohammadi18@gmail.com) gesendet.
[2025-04-23 07:26:16] letzte_einladung für Teilnehmer-ID 92 aktualisiert.
[2025-04-23 07:26:18] Versende Einladung an: adnanhajy@icloud.com
[2025-04-23 07:26:18] E-Mail erfolgreich an Mahir  (adnanhajy@icloud.com) gesendet.
[2025-04-23 07:26:18] letzte_einladung für Teilnehmer-ID 91 aktualisiert.
[2025-04-23 07:26:21] Versende Einladung an: maik.franz@t-online.de
[2025-04-23 07:26:21] E-Mail erfolgreich an Maik (maik.franz@t-online.de) gesendet.
[2025-04-23 07:26:21] letzte_einladung für Teilnehmer-ID 98 aktualisiert.
[2025-04-23 07:26:30] Versende Einladung an: basel.layla@outlook.com
[2025-04-23 07:26:31] E-Mail erfolgreich an Basel (basel.layla@outlook.com) gesendet.
[2025-04-23 07:26:31] letzte_einladung für Teilnehmer-ID 102 aktualisiert.
[2025-04-23 07:26:33] Versende Einladung an: testprobe@hotmail.com
[2025-04-23 07:26:33] E-Mail erfolgreich an Mike (testprobe@hotmail.com) gesendet.
[2025-04-23 07:26:33] letzte_einladung für Teilnehmer-ID 101 aktualisiert.
[2025-04-24 07:54:47] Versende Einladung an: haithmali84@gmail.com
[2025-04-24 07:54:47] E-Mail erfolgreich an Haithem (haithmali84@gmail.com) gesendet.
[2025-04-24 07:54:47] letzte_einladung für Teilnehmer-ID 99 aktualisiert.
[2025-04-25 09:52:04] Versende Einladung an: muhannad1nanoue@gmail.com
[2025-04-25 09:52:04] E-Mail erfolgreich an Muhannad  (muhannad1nanoue@gmail.com) gesendet.
[2025-04-25 09:52:04] letzte_einladung für Teilnehmer-ID 83 aktualisiert.
[2025-04-25 14:11:04] Versende Einladung an: m.a.almarrawi@gmail.com
[2025-04-25 14:11:04] E-Mail erfolgreich an Mohamad Ammar  (m.a.almarrawi@gmail.com) gesendet.
[2025-04-25 14:11:04] Versende Einladung an: ali.pr.s600@hotmail.com
[2025-04-25 14:11:04] E-Mail erfolgreich an Ali  (ali.pr.s600@hotmail.com) gesendet.
[2025-04-25 14:11:36] Versende Einladung an: philipp.gausmann@gmx.de
[2025-04-25 14:11:36] E-Mail erfolgreich an Christine (philipp.gausmann@gmx.de) gesendet.
[2025-04-25 14:11:36] letzte_einladung für Teilnehmer-ID 117 aktualisiert.
[2025-04-28 07:35:20] Versende Einladung an: Saifulimran321@gmail.com
[2025-04-28 07:35:20] E-Mail erfolgreich an Imran  (Saifulimran321@gmail.com) gesendet.
[2025-04-28 07:35:20] letzte_einladung für Teilnehmer-ID 40 aktualisiert.
[2025-04-28 07:35:24] Versende Einladung an: 87gurdeepsingh@googlemail.com
[2025-04-28 07:35:24] E-Mail erfolgreich an Gurdeep  (87gurdeepsingh@googlemail.com) gesendet.
[2025-04-28 07:35:24] letzte_einladung für Teilnehmer-ID 42 aktualisiert.
[2025-04-28 07:35:28] Versende Einladung an: salahtebai79@web.de
[2025-04-28 07:35:28] E-Mail erfolgreich an Salah  (salahtebai79@web.de) gesendet.
[2025-04-28 07:35:28] letzte_einladung für Teilnehmer-ID 43 aktualisiert.
[2025-04-28 07:35:55] Versende Einladung an: salahtebai79@web.de
[2025-04-28 07:35:55] E-Mail erfolgreich an Salah  (salahtebai79@web.de) gesendet.
[2025-04-28 07:35:55] letzte_einladung für Teilnehmer-ID 43 aktualisiert.
[2025-04-28 12:43:33] Versende Einladung an: Batalmustafa92@gmail.com
[2025-04-28 12:43:33] E-Mail erfolgreich an Mustafa (Batalmustafa92@gmail.com) gesendet.
[2025-04-28 12:43:33] letzte_einladung für Teilnehmer-ID 118 aktualisiert.
[2025-05-02 07:20:45] Versende Einladung an: moamaraskoul72@gmail.com
[2025-05-02 07:20:45] E-Mail erfolgreich an Moamar (moamaraskoul72@gmail.com) gesendet.
[2025-05-02 07:20:45] letzte_einladung für Teilnehmer-ID 108 aktualisiert.
[2025-05-02 07:20:50] Versende Einladung an: dyaahamdo0@gmail.com
[2025-05-02 07:20:50] E-Mail erfolgreich an DYAA ADDIN (dyaahamdo0@gmail.com) gesendet.
[2025-05-02 07:20:50] letzte_einladung für Teilnehmer-ID 107 aktualisiert.
[2025-05-02 07:20:52] Versende Einladung an: abdulhakim9.abdallah@gmail.com
[2025-05-02 07:20:52] E-Mail erfolgreich an Abdulhakim  (abdulhakim9.abdallah@gmail.com) gesendet.
[2025-05-02 07:20:52] letzte_einladung für Teilnehmer-ID 106 aktualisiert.
[2025-05-02 07:21:05] Versende Einladung an: m.a.almarrawi@gmail.com
[2025-05-02 07:21:06] E-Mail erfolgreich an Mohamad Ammar  (m.a.almarrawi@gmail.com) gesendet.
[2025-05-02 07:21:06] letzte_einladung für Teilnehmer-ID 110 aktualisiert.
[2025-05-02 07:21:09] Versende Einladung an: ali.pr.s600@hotmail.com
[2025-05-02 07:21:09] E-Mail erfolgreich an Ali  (ali.pr.s600@hotmail.com) gesendet.
[2025-05-02 07:21:09] letzte_einladung für Teilnehmer-ID 112 aktualisiert.
[2025-05-02 07:21:12] Versende Einladung an: mayer_maren@web.de
[2025-05-02 07:21:13] E-Mail erfolgreich an Maren (mayer_maren@web.de) gesendet.
[2025-05-02 07:21:13] letzte_einladung für Teilnehmer-ID 119 aktualisiert.
[2025-05-02 07:21:16] Versende Einladung an: magdouri@hotmail.fr
[2025-05-02 07:21:16] E-Mail erfolgreich an Houcine (magdouri@hotmail.fr) gesendet.
[2025-05-02 07:21:16] letzte_einladung für Teilnehmer-ID 126 aktualisiert.
[2025-05-02 07:21:26] Versende Einladung an: Rahmani1999@icloud.com
[2025-05-02 07:21:26] E-Mail erfolgreich an Nasrollah  (Rahmani1999@icloud.com) gesendet.
[2025-05-02 07:21:26] letzte_einladung für Teilnehmer-ID 45 aktualisiert.
[2025-05-02 14:47:55] Versende Einladung an: technik@taxi4884.de
[2025-05-02 14:47:56] E-Mail erfolgreich an Philipp (technik@taxi4884.de) gesendet.
[2025-05-02 14:47:56] letzte_einladung für Teilnehmer-ID 127 aktualisiert.
[2025-05-05 14:54:48] Versende Einladung an: janasjerzy83@gmail.com
[2025-05-05 14:54:49] E-Mail erfolgreich an Jerzy (janasjerzy83@gmail.com) gesendet.
[2025-05-05 14:54:49] letzte_einladung für Teilnehmer-ID 123 aktualisiert.
[2025-05-15 15:10:37] Versende Einladung an: Razan2sheikho2@gmail.com
[2025-05-15 15:10:38] E-Mail erfolgreich an Razan (Razan2sheikho2@gmail.com) gesendet.
[2025-05-15 15:10:38] Versende Einladung an: ali2.hameqassem@web.de
[2025-05-15 15:10:38] E-Mail erfolgreich an Ali (ali2.hameqassem@web.de) gesendet.
[2025-05-15 15:10:38] Versende Einladung an: aaxr219@gmail.com
[2025-05-15 15:10:38] E-Mail erfolgreich an Ahmed (aaxr219@gmail.com) gesendet.
[2025-05-15 15:14:27] Versende Einladung an: Saifulimran321@gmail.com
[2025-05-15 15:14:28] E-Mail erfolgreich an Imran  (Saifulimran321@gmail.com) gesendet.
[2025-05-15 15:14:28] letzte_einladung für Teilnehmer-ID 40 aktualisiert.
[2025-05-15 15:14:32] Versende Einladung an: 87gurdeepsingh@googlemail.com
[2025-05-15 15:14:33] E-Mail erfolgreich an Gurdeep  (87gurdeepsingh@googlemail.com) gesendet.
[2025-05-15 15:14:33] letzte_einladung für Teilnehmer-ID 42 aktualisiert.
[2025-05-15 15:14:37] Versende Einladung an: salahtebai79@web.de
[2025-05-15 15:14:38] E-Mail erfolgreich an Salah  (salahtebai79@web.de) gesendet.
[2025-05-15 15:14:38] letzte_einladung für Teilnehmer-ID 43 aktualisiert.
[2025-05-15 15:14:42] Versende Einladung an: ahmadchaban7272@gmail.com
[2025-05-15 15:14:42] E-Mail erfolgreich an Ahmad (ahmadchaban7272@gmail.com) gesendet.
[2025-05-15 15:14:42] letzte_einladung für Teilnehmer-ID 44 aktualisiert.
[2025-05-16 07:12:56] Versende Einladung an: Alaesleman@gmail.com
[2025-05-16 07:12:57] E-Mail erfolgreich an Alaa (Alaesleman@gmail.com) gesendet.
[2025-05-16 07:12:57] letzte_einladung für Teilnehmer-ID 47 aktualisiert.
[2025-05-16 14:57:34] Versende Einladung an: Batalmustafa92@gmail.com
[2025-05-16 14:57:35] E-Mail erfolgreich an Mustafa (Batalmustafa92@gmail.com) gesendet.
[2025-05-16 14:57:35] letzte_einladung für Teilnehmer-ID 118 aktualisiert.
[2025-05-20 10:10:03] Versende Einladung an: ahmadmokdad25071994@gmail.com
[2025-05-20 10:10:03] E-Mail erfolgreich an Ahmad  (ahmadmokdad25071994@gmail.com) gesendet.
[2025-05-20 10:10:03] letzte_einladung für Teilnehmer-ID 77 aktualisiert.
[2025-05-20 15:12:31] Versende Einladung an: abdelkaderallghafur@gmail.com
[2025-05-20 15:12:32] E-Mail erfolgreich an Abdelkader (abdelkaderallghafur@gmail.com) gesendet.
[2025-05-20 15:12:32] letzte_einladung für Teilnehmer-ID 135 aktualisiert.
[2025-05-20 15:12:33] Versende Einladung an: mhssndeef@gmail.com
[2025-05-20 15:12:33] E-Mail erfolgreich an Muhaisen (mhssndeef@gmail.com) gesendet.
[2025-05-20 15:12:33] letzte_einladung für Teilnehmer-ID 134 aktualisiert.
[2025-05-28 10:30:02] Versende Einladung an: tala.mohammadi18@gmail.com
[2025-05-28 10:30:02] E-Mail erfolgreich an Tala Mohammad  (tala.mohammadi18@gmail.com) gesendet.
[2025-05-28 10:30:02] letzte_einladung für Teilnehmer-ID 92 aktualisiert.
[2025-05-28 10:30:12] Versende Einladung an: maik.franz@t-online.de
[2025-05-28 10:30:12] E-Mail erfolgreich an Maik (maik.franz@t-online.de) gesendet.
[2025-05-28 10:30:12] letzte_einladung für Teilnehmer-ID 98 aktualisiert.
[2025-05-28 10:30:19] Versende Einladung an: basel.layla@outlook.com
[2025-05-28 10:30:19] E-Mail erfolgreich an Basel (basel.layla@outlook.com) gesendet.
[2025-05-28 10:30:19] letzte_einladung für Teilnehmer-ID 102 aktualisiert.
[2025-05-28 10:30:25] Versende Einladung an: mayer_maren@web.de
[2025-05-28 10:30:25] E-Mail erfolgreich an Maren (mayer_maren@web.de) gesendet.
[2025-05-28 10:30:25] letzte_einladung für Teilnehmer-ID 119 aktualisiert.
[2025-05-28 10:30:31] Versende Einladung an: ali2.hameqassem@web.de
[2025-05-28 10:30:31] E-Mail erfolgreich an Ali (ali2.hameqassem@web.de) gesendet.
[2025-05-28 10:30:31] letzte_einladung für Teilnehmer-ID 129 aktualisiert.
[2025-05-28 10:30:35] Versende Einladung an: mohammad.mos@outlook.de
[2025-05-28 10:30:36] E-Mail erfolgreich an Mohammad (mohammad.mos@outlook.de) gesendet.
[2025-05-28 10:30:36] letzte_einladung für Teilnehmer-ID 132 aktualisiert.
[2025-05-28 10:30:38] Versende Einladung an: kamal.abdulrahman96@gmail.com
[2025-05-28 10:30:38] E-Mail erfolgreich an Kamal (kamal.abdulrahman96@gmail.com) gesendet.
[2025-05-28 10:30:38] letzte_einladung für Teilnehmer-ID 136 aktualisiert.
[2025-05-28 12:55:51] Versende Einladung an: najem38@hotmail.com
[2025-05-28 12:55:51] E-Mail erfolgreich an Najem (najem38@hotmail.com) gesendet.
[2025-05-28 12:55:51] letzte_einladung für Teilnehmer-ID 138 aktualisiert.
[2025-06-02 09:56:28] Versende Einladung an: sherzd1991@gmail.com
[2025-06-02 09:56:28] E-Mail erfolgreich an sherzad (sherzd1991@gmail.com) gesendet.
[2025-06-02 09:56:28] letzte_einladung für Teilnehmer-ID 90 aktualisiert.
[2025-06-05 16:42:55] Versende Einladung an: Saifulimran321@gmail.com
[2025-06-05 16:42:56] E-Mail erfolgreich an Imran  (Saifulimran321@gmail.com) gesendet.
[2025-06-05 16:42:56] letzte_einladung für Teilnehmer-ID 40 aktualisiert.
[2025-06-05 16:42:59] Versende Einladung an: yosifshabanalmohammad@gmail.com
[2025-06-05 16:42:59] E-Mail erfolgreich an yosif  (yosifshabanalmohammad@gmail.com) gesendet.
[2025-06-05 16:42:59] letzte_einladung für Teilnehmer-ID 54 aktualisiert.
[2025-06-05 16:43:03] Versende Einladung an: romanniazai8@gmail.com
[2025-06-05 16:43:03] E-Mail erfolgreich an Roman  (romanniazai8@gmail.com) gesendet.
[2025-06-05 16:43:03] letzte_einladung für Teilnehmer-ID 53 aktualisiert.
[2025-06-05 16:43:07] Versende Einladung an: ezelddinealmousse@gmail.com
[2025-06-05 16:43:07] E-Mail erfolgreich an Ezeddine (ezelddinealmousse@gmail.com) gesendet.
[2025-06-05 16:43:07] letzte_einladung für Teilnehmer-ID 56 aktualisiert.
[2025-06-05 16:43:11] Versende Einladung an: hhussainy5@gmail.com
[2025-06-05 16:43:12] E-Mail erfolgreich an Mohammad Hassan (hhussainy5@gmail.com) gesendet.
[2025-06-05 16:43:12] letzte_einladung für Teilnehmer-ID 144 aktualisiert.
[2025-06-05 16:43:14] Versende Einladung an: tarek.dhais@gmail.com
[2025-06-05 16:43:15] E-Mail erfolgreich an Tarek (tarek.dhais@gmail.com) gesendet.
[2025-06-05 16:43:15] letzte_einladung für Teilnehmer-ID 148 aktualisiert.
[2025-06-05 16:43:17] Versende Einladung an: saleh.alantouz@gmail.com
[2025-06-05 16:43:17] E-Mail erfolgreich an Saleh (saleh.alantouz@gmail.com) gesendet.
[2025-06-05 16:43:17] letzte_einladung für Teilnehmer-ID 149 aktualisiert.
[2025-06-06 09:24:14] Versende Einladung an: bascharalnasser6@gmail.com
[2025-06-06 09:24:15] E-Mail erfolgreich an Baschar (bascharalnasser6@gmail.com) gesendet.
[2025-06-06 09:24:15] letzte_einladung für Teilnehmer-ID 76 aktualisiert.
[2025-06-06 09:24:18] Versende Einladung an: bassil.diia@gmail.com
[2025-06-06 09:24:18] E-Mail erfolgreich an basel (bassil.diia@gmail.com) gesendet.
[2025-06-06 09:24:18] letzte_einladung für Teilnehmer-ID 79 aktualisiert.
[2025-06-06 12:42:59] Versende Einladung an: adnanhajy@icloud.com
[2025-06-06 12:42:59] E-Mail erfolgreich an Mahir  (adnanhajy@icloud.com) gesendet.
[2025-06-06 12:42:59] letzte_einladung für Teilnehmer-ID 91 aktualisiert.
[2025-06-10 09:45:50] Versende Einladung an: ahmadmokdad25071994@gmail.com
[2025-06-10 09:45:51] E-Mail erfolgreich an Ahmad  (ahmadmokdad25071994@gmail.com) gesendet.
[2025-06-10 09:45:51] letzte_einladung für Teilnehmer-ID 77 aktualisiert.
[2025-06-10 13:08:15] Versende Einladung an: najem38@hotmail.com
[2025-06-10 13:08:15] E-Mail erfolgreich an Najem (najem38@hotmail.com) gesendet.
[2025-06-10 13:08:15] letzte_einladung für Teilnehmer-ID 138 aktualisiert.
[2025-06-10 14:11:53] Versende Einladung an: mohammad.mos@outlook.de
[2025-06-10 14:11:53] E-Mail erfolgreich an Mohammad (mohammad.mos@outlook.de) gesendet.
[2025-06-10 14:11:53] letzte_einladung für Teilnehmer-ID 132 aktualisiert.
[2025-06-16 13:08:36] Versende Einladung an: sherzd1991@gmail.com
[2025-06-16 13:08:36] E-Mail erfolgreich an sherzad (sherzd1991@gmail.com) gesendet.
[2025-06-16 13:08:36] letzte_einladung für Teilnehmer-ID 90 aktualisiert.
[2025-06-16 13:08:46] Versende Einladung an: ali.pr.s600@hotmail.com
[2025-06-16 13:08:47] E-Mail erfolgreich an Ali  (ali.pr.s600@hotmail.com) gesendet.
[2025-06-16 13:08:47] letzte_einladung für Teilnehmer-ID 112 aktualisiert.
[2025-06-16 13:08:50] Versende Einladung an: Batalmustafa92@gmail.com
[2025-06-16 13:08:51] E-Mail erfolgreich an Mustafa (Batalmustafa92@gmail.com) gesendet.
[2025-06-16 13:08:51] letzte_einladung für Teilnehmer-ID 118 aktualisiert.
[2025-06-16 13:08:56] Versende Einladung an: Razan2sheikho2@gmail.com
[2025-06-16 13:08:56] E-Mail erfolgreich an Razan (Razan2sheikho2@gmail.com) gesendet.
[2025-06-16 13:08:56] letzte_einladung für Teilnehmer-ID 122 aktualisiert.
[2025-06-16 13:09:02] Versende Einladung an: aaxr219@gmail.com
[2025-06-16 13:09:02] E-Mail erfolgreich an Ahmed (aaxr219@gmail.com) gesendet.
[2025-06-16 13:09:02] letzte_einladung für Teilnehmer-ID 131 aktualisiert.
[2025-06-16 13:09:08] Versende Einladung an: salehmuhammad2019@yahoo.com
[2025-06-16 13:09:08] E-Mail erfolgreich an Saleh Mohammad (salehmuhammad2019@yahoo.com) gesendet.
[2025-06-16 13:09:08] letzte_einladung für Teilnehmer-ID 142 aktualisiert.
[2025-06-16 13:10:47] Versende Einladung an: ilmisharif33@icloud.com
[2025-06-16 13:10:47] E-Mail erfolgreich an Abdirahman (ilmisharif33@icloud.com) gesendet.
[2025-06-16 13:10:47] letzte_einladung für Teilnehmer-ID 151 aktualisiert.
[2025-06-16 14:48:50] Versende Einladung an: adnan.original@hotmail.com
[2025-06-16 14:48:50] E-Mail erfolgreich an Adnan (adnan.original@hotmail.com) gesendet.
[2025-06-16 14:48:50] letzte_einladung für Teilnehmer-ID 152 aktualisiert.
[2025-06-17 14:26:16] Versende Einladung an: kamal.abdulrahman96@gmail.com
[2025-06-17 14:26:16] E-Mail erfolgreich an Kamal (kamal.abdulrahman96@gmail.com) gesendet.
[2025-06-17 14:26:16] letzte_einladung für Teilnehmer-ID 136 aktualisiert.
[2025-07-17 08:22:14] Versende Einladung an: mohammedsaba908@gmail.com
[2025-07-17 08:22:14] E-Mail erfolgreich an Mohammed (mohammedsaba908@gmail.com) gesendet.
[2025-07-17 08:22:14] letzte_einladung für Teilnehmer-ID 153 aktualisiert.
[2025-07-17 08:22:17] Versende Einladung an: azim77ghairat@gmail.com
[2025-07-17 08:22:18] E-Mail erfolgreich an Mohammad Azim (azim77ghairat@gmail.com) gesendet.
[2025-07-17 08:22:18] letzte_einladung für Teilnehmer-ID 159 aktualisiert.
[2025-07-17 08:22:20] Versende Einladung an: yazeed.dhies@gmail.com
[2025-07-17 08:22:20] E-Mail erfolgreich an Yazeed (yazeed.dhies@gmail.com) gesendet.
[2025-07-17 08:22:20] letzte_einladung für Teilnehmer-ID 158 aktualisiert.
[2025-07-17 08:22:22] Versende Einladung an: halilkonak@hotmail.de
[2025-07-17 08:22:23] E-Mail erfolgreich an Halil (halilkonak@hotmail.de) gesendet.
[2025-07-17 08:22:23] letzte_einladung für Teilnehmer-ID 157 aktualisiert.
[2025-07-17 08:22:25] Versende Einladung an: yosifshabanalmohammad@gmail.com
[2025-07-17 08:22:25] E-Mail erfolgreich an yosif (yosifshabanalmohammad@gmail.com) gesendet.
[2025-07-17 08:22:25] letzte_einladung für Teilnehmer-ID 161 aktualisiert.
[2025-07-17 08:22:27] Versende Einladung an: rsk.1983.lpz@gmail.com
[2025-07-17 08:22:28] E-Mail erfolgreich an Rajwinder (rsk.1983.lpz@gmail.com) gesendet.
[2025-07-17 08:22:28] letzte_einladung für Teilnehmer-ID 160 aktualisiert.
[2025-07-17 08:22:29] Versende Einladung an: asif.chohdry@gmx.net
[2025-07-17 08:22:29] E-Mail erfolgreich an Asif Mehmood (asif.chohdry@gmx.net) gesendet.
[2025-07-17 08:22:29] letzte_einladung für Teilnehmer-ID 162 aktualisiert.
[2025-07-17 08:22:36] Versende Einladung an: arifjumha86@gmail.com
[2025-07-17 08:22:36] E-Mail erfolgreich an Arif (arifjumha86@gmail.com) gesendet.
[2025-07-17 08:22:36] letzte_einladung für Teilnehmer-ID 163 aktualisiert.
[2025-07-17 09:49:41] Versende Einladung an: wessamjames04@gmail.com
[2025-07-17 09:49:42] E-Mail erfolgreich an Alageeli (wessamjames04@gmail.com) gesendet.
[2025-07-17 09:49:42] letzte_einladung für Teilnehmer-ID 164 aktualisiert.
[2025-07-22 14:47:21] Versende Einladung an: schuraviak841126@gmail.com
[2025-07-22 14:47:26] E-Mail erfolgreich an Alexander (schuraviak841126@gmail.com) gesendet.
[2025-07-22 14:47:26] letzte_einladung für Teilnehmer-ID 167 aktualisiert.
[2025-08-14 11:08:56] Versende Einladung an: alinanestian24@gmail.com
[2025-08-14 11:08:57] E-Mail erfolgreich an Cornelia-Alina (alinanestian24@gmail.com) gesendet.
[2025-08-14 11:08:57] letzte_einladung für Teilnehmer-ID 165 aktualisiert.
[2025-08-14 11:09:00] Versende Einladung an: hazimahmed32@yahoo.de
[2025-08-14 11:09:00] E-Mail erfolgreich an Hazim Mohammed Ali (hazimahmed32@yahoo.de) gesendet.
[2025-08-14 11:09:00] letzte_einladung für Teilnehmer-ID 169 aktualisiert.
[2025-08-14 11:09:02] Versende Einladung an: mansourzahiri70@gmail.com
[2025-08-14 11:09:02] E-Mail erfolgreich an Mansour (mansourzahiri70@gmail.com) gesendet.
[2025-08-14 11:09:02] letzte_einladung für Teilnehmer-ID 170 aktualisiert.
[2025-08-14 11:09:04] Versende Einladung an: fahimalsalm@gmail.com
[2025-08-14 11:09:05] E-Mail erfolgreich an Fahim (fahimalsalm@gmail.com) gesendet.
[2025-08-14 11:09:05] letzte_einladung für Teilnehmer-ID 172 aktualisiert.
[2025-08-14 11:09:06] Versende Einladung an: almanssour-faes@web.de
[2025-08-14 11:09:06] E-Mail erfolgreich an FAES (almanssour-faes@web.de) gesendet.
[2025-08-14 11:09:06] letzte_einladung für Teilnehmer-ID 173 aktualisiert.
[2025-08-14 11:09:08] Versende Einladung an: vitaliesagaidac1990@gmail.com
[2025-08-14 11:09:09] E-Mail erfolgreich an Vitalie (vitaliesagaidac1990@gmail.com) gesendet.
[2025-08-14 11:09:09] letzte_einladung für Teilnehmer-ID 174 aktualisiert.
[2025-08-14 11:09:10] Versende Einladung an: anash711973@gmail.com
[2025-08-14 11:09:11] E-Mail erfolgreich an Anas (anash711973@gmail.com) gesendet.
[2025-08-14 11:09:11] letzte_einladung für Teilnehmer-ID 176 aktualisiert.
[2025-08-14 11:10:02] Versende Einladung an: Saifulimran321@gmail.com
[2025-08-14 11:10:03] E-Mail erfolgreich an Imran  (Saifulimran321@gmail.com) gesendet.
[2025-08-14 11:10:03] letzte_einladung für Teilnehmer-ID 40 aktualisiert.
[2025-08-18 12:09:09] Versende Einladung an: ilmisharif33@icloud.com
[2025-08-18 12:09:09] E-Mail erfolgreich an Abdirahman (ilmisharif33@icloud.com) gesendet.
[2025-08-18 12:09:09] letzte_einladung für Teilnehmer-ID 151 aktualisiert.
[2025-08-20 15:24:19] Versende Einladung an: yazeed.dhies@gmail.com
[2025-08-20 15:24:21] E-Mail erfolgreich an Yazeed (yazeed.dhies@gmail.com) gesendet.
[2025-08-20 15:24:21] letzte_einladung für Teilnehmer-ID 158 aktualisiert.
[2025-08-28 10:52:19] Versende Einladung an: shivanperwer71@gmail.com
[2025-08-28 10:52:20] E-Mail erfolgreich an Shivan (shivanperwer71@gmail.com) gesendet.
[2025-08-28 10:52:20] letzte_einladung für Teilnehmer-ID 185 aktualisiert.
[2025-08-28 10:52:22] Versende Einladung an: leipzig2b@gmail.com
[2025-08-28 10:52:23] E-Mail erfolgreich an Yousif (leipzig2b@gmail.com) gesendet.
[2025-08-28 10:52:23] letzte_einladung für Teilnehmer-ID 181 aktualisiert.
[2025-08-28 10:52:24] Versende Einladung an: Khaled.afifi.az@gmail.com
[2025-08-28 10:52:25] E-Mail erfolgreich an KHALED (Khaled.afifi.az@gmail.com) gesendet.
[2025-08-28 10:52:25] letzte_einladung für Teilnehmer-ID 182 aktualisiert.
[2025-08-28 10:52:28] Versende Einladung an: ilmisharif33@icloud.com
[2025-08-28 10:52:28] E-Mail erfolgreich an Abdirahman (ilmisharif33@icloud.com) gesendet.
[2025-08-28 10:52:28] letzte_einladung für Teilnehmer-ID 151 aktualisiert.
[2025-08-28 10:52:31] Versende Einladung an: mohammedsaba908@gmail.com
[2025-08-28 10:52:31] E-Mail erfolgreich an Mohammed (mohammedsaba908@gmail.com) gesendet.
[2025-08-28 10:52:31] letzte_einladung für Teilnehmer-ID 153 aktualisiert.
[2025-08-28 10:52:34] Versende Einladung an: azim77ghairat@gmail.com
[2025-08-28 10:52:34] E-Mail erfolgreich an Mohammad Azim (azim77ghairat@gmail.com) gesendet.
[2025-08-28 10:52:34] letzte_einladung für Teilnehmer-ID 159 aktualisiert.
[2025-08-28 10:52:59] Versende Einladung an: halilkonak@hotmail.de
[2025-08-28 10:52:59] E-Mail erfolgreich an Halil (halilkonak@hotmail.de) gesendet.
[2025-08-28 10:52:59] letzte_einladung für Teilnehmer-ID 157 aktualisiert.
[2025-08-28 10:53:17] Versende Einladung an: fahimalsalm@gmail.com
[2025-08-28 10:53:17] E-Mail erfolgreich an Fahim (fahimalsalm@gmail.com) gesendet.
[2025-08-28 10:53:17] letzte_einladung für Teilnehmer-ID 172 aktualisiert.
[2025-08-28 14:29:11] Versende Einladung an: Mosaaldaghari@gmail.com
[2025-08-28 14:29:11] E-Mail erfolgreich an Mosa (Mosaaldaghari@gmail.com) gesendet.
[2025-08-28 14:29:11] letzte_einladung für Teilnehmer-ID 171 aktualisiert.
[2025-09-01 12:01:55] Versende Einladung an: aminullah1.qaderi@gmail.com
[2025-09-01 12:01:55] E-Mail erfolgreich an Aminullah (aminullah1.qaderi@gmail.com) gesendet.
[2025-09-01 12:01:55] letzte_einladung für Teilnehmer-ID 178 aktualisiert.
[2025-09-01 12:02:02] Versende Einladung an: aminullah1.qaderi@gmail.com
[2025-09-01 12:02:02] E-Mail erfolgreich an Aminullah (aminullah1.qaderi@gmail.com) gesendet.
[2025-09-01 12:02:02] letzte_einladung für Teilnehmer-ID 178 aktualisiert.
[2025-09-01 12:02:05] Versende Einladung an: hhussainy5@gmail.com
[2025-09-01 12:02:05] E-Mail erfolgreich an Mohammad Hassan (hhussainy5@gmail.com) gesendet.
[2025-09-01 12:02:05] letzte_einladung für Teilnehmer-ID 180 aktualisiert.
[2025-09-01 12:02:14] Versende Einladung an: hashemisaharifa@gmail.com
[2025-09-01 12:02:14] E-Mail erfolgreich an Hashmatullah (hashemisaharifa@gmail.com) gesendet.
[2025-09-01 12:02:14] letzte_einladung für Teilnehmer-ID 183 aktualisiert.
