[2025-08-08 08:35:29] Skript gestartet.
[2025-08-08 08:35:29] DB geladen.
[2025-08-08 08:35:29] Config geladen.
[2025-08-08 08:35:29] Starte Hauptlauf …
[2025-08-08 08:35:29] Aggregiere Vorwoche: 2025-07-28 00:00:00 – 2025-08-03 23:59:59
[2025-08-08 08:35:29] Hole Empfänger (UmsatzMails=1) …
[2025-08-08 08:35:29] Empfänger: 3
[2025-08-08 08:35:29] Sende Mail an technik@taxi4884.de …
[2025-08-08 08:35:30] Mail OK: technik@taxi4884.de
[2025-08-08 08:35:30] Sende Mail an Verwaltung@taxi4884.de …
[2025-08-08 08:35:30] Mail OK: Verwaltung@taxi4884.de
[2025-08-08 08:35:30] Sende Mail an sv@taxi4884.de …
[2025-08-08 08:35:30] Mail OK: sv@taxi4884.de
[2025-08-08 08:35:30] Mails versendet. Empfänger: 3, Fahrerzeilen: 21
[2025-08-08 08:35:30] Skript beendet.
[2025-08-11 08:00:02] Skript gestartet.
[2025-08-11 08:00:02] DB geladen.
[2025-08-11 08:00:02] Config geladen.
[2025-08-11 08:00:02] Starte Hauptlauf …
[2025-08-11 08:00:02] Aggregiere Vorwoche: 2025-08-04 00:00:00 – 2025-08-10 23:59:59
[2025-08-11 08:00:02] Hole Empfänger (UmsatzMails=1) …
[2025-08-11 08:00:02] Empfänger: 3
[2025-08-11 08:00:02] Sende Mail an technik@taxi4884.de …
[2025-08-11 08:00:07] Mail OK: technik@taxi4884.de
[2025-08-11 08:00:07] Sende Mail an Verwaltung@taxi4884.de …
[2025-08-11 08:00:08] Mail OK: Verwaltung@taxi4884.de
[2025-08-11 08:00:08] Sende Mail an sv@taxi4884.de …
[2025-08-11 08:00:08] Mail OK: sv@taxi4884.de
[2025-08-11 08:00:08] Mails versendet. Empfänger: 3, Fahrerzeilen: 22
[2025-08-11 08:00:08] Skript beendet.
[2025-08-18 08:00:01] Skript gestartet.
[2025-08-18 08:00:01] DB geladen.
[2025-08-18 08:00:01] Config geladen.
[2025-08-18 08:00:01] Starte Hauptlauf …
[2025-08-18 08:00:01] Aggregiere Vorwoche: 2025-08-11 00:00:00 – 2025-08-17 23:59:59
[2025-08-18 08:00:02] Hole Empfänger (UmsatzMails=1) …
[2025-08-18 08:00:02] Empfänger: 3
[2025-08-18 08:00:02] Sende Mail an technik@taxi4884.de …
[2025-08-18 08:00:08] Mail OK: technik@taxi4884.de
[2025-08-18 08:00:08] Sende Mail an Verwaltung@taxi4884.de …
[2025-08-18 08:00:08] Mail OK: Verwaltung@taxi4884.de
[2025-08-18 08:00:08] Sende Mail an sv@taxi4884.de …
[2025-08-18 08:00:08] Mail OK: sv@taxi4884.de
[2025-08-18 08:00:08] Mails versendet. Empfänger: 3, Fahrerzeilen: 22
[2025-08-18 08:00:08] Skript beendet.
[2025-08-25 08:00:01] Skript gestartet.
[2025-08-25 08:00:01] DB geladen.
[2025-08-25 08:00:01] Config geladen.
[2025-08-25 08:00:01] Starte Hauptlauf …
[2025-08-25 08:00:01] Aggregiere Vorwoche: 2025-08-18 00:00:00 – 2025-08-24 23:59:59
[2025-08-25 08:00:02] Hole Empfänger (UmsatzMails=1) …
[2025-08-25 08:00:02] Empfänger: 3
[2025-08-25 08:00:02] Sende Mail an technik@taxi4884.de …
[2025-08-25 08:00:08] Mail OK: technik@taxi4884.de
[2025-08-25 08:00:08] Sende Mail an Verwaltung@taxi4884.de …
[2025-08-25 08:00:08] Mail OK: Verwaltung@taxi4884.de
[2025-08-25 08:00:08] Sende Mail an sv@taxi4884.de …
[2025-08-25 08:00:08] Mail OK: sv@taxi4884.de
[2025-08-25 08:00:08] Mails versendet. Empfänger: 3, Fahrerzeilen: 25
[2025-08-25 08:00:08] Skript beendet.
[2025-09-01 08:00:06] Skript gestartet.
[2025-09-01 08:00:06] DB geladen.
[2025-09-01 08:00:06] Config geladen.
[2025-09-01 08:00:06] Starte Hauptlauf …
[2025-09-01 08:00:06] Aggregiere Vorwoche: 2025-08-25 00:00:00 – 2025-08-31 23:59:59
[2025-09-01 08:00:06] Hole Empfänger (UmsatzMails=1) …
[2025-09-01 08:00:06] Empfänger: 3
[2025-09-01 08:00:06] Sende Mail an technik@taxi4884.de …
[2025-09-01 08:00:12] Mail OK: technik@taxi4884.de
[2025-09-01 08:00:12] Sende Mail an Verwaltung@taxi4884.de …
[2025-09-01 08:00:17] Mail OK: Verwaltung@taxi4884.de
[2025-09-01 08:00:17] Sende Mail an sv@taxi4884.de …
[2025-09-01 08:00:21] Mail OK: sv@taxi4884.de
[2025-09-01 08:00:21] Mails versendet. Empfänger: 3, Fahrerzeilen: 21
[2025-09-01 08:00:21] Skript beendet.
